{"time":"2025-10-19T14:07:58.029710012-04:00","level":"INFO","source":{"function":"github.com/charmbracelet/crush/internal/config.loadProviders","file":"/home/jfreeman/go/pkg/mod/github.com/charmbracelet/crush@v0.4.0/internal/config/provider.go","line":113},"msg":"Getting live provider data"}
{"time":"2025-10-19T14:07:58.241510777-04:00","level":"INFO","source":{"function":"github.com/charmbracelet/crush/internal/config.saveProvidersInCache","file":"/home/jfreeman/go/pkg/mod/github.com/charmbracelet/crush@v0.4.0/internal/config/provider.go","line":48},"msg":"Saving cached provider data","path":"/home/jfreeman/.local/share/crush/providers.json"}
{"time":"2025-10-19T14:07:58.242870556-04:00","level":"WARN","source":{"function":"github.com/charmbracelet/crush/internal/config.Load","file":"/home/jfreeman/go/pkg/mod/github.com/charmbracelet/crush@v0.4.0/internal/config/load.go","line":85},"msg":"No providers configured"}
{"time":"2025-10-19T14:07:58.793236787-04:00","level":"INFO","msg":"OK   20250424200609_initial.sql (894.99µs)"}
{"time":"2025-10-19T14:07:58.793596824-04:00","level":"INFO","msg":"OK   20250515105448_add_summary_message_id.sql (333.12µs)"}
{"time":"2025-10-19T14:07:58.793898963-04:00","level":"INFO","msg":"OK   20250624000000_add_created_at_indexes.sql (287.46µs)"}
{"time":"2025-10-19T14:07:58.794184109-04:00","level":"INFO","msg":"OK   20250627000000_add_provider_to_messages.sql (273.14µs)"}
{"time":"2025-10-19T14:07:58.794190061-04:00","level":"INFO","msg":"goose: successfully migrated database to version: 20250627000000"}
{"time":"2025-10-19T14:07:58.79423242-04:00","level":"INFO","source":{"function":"github.com/charmbracelet/crush/internal/app.(*App).initLSPClients","file":"/home/jfreeman/go/pkg/mod/github.com/charmbracelet/crush@v0.4.0/internal/app/lsp.go","line":18},"msg":"LSP clients initialization started in background"}
{"time":"2025-10-19T14:07:58.794241738-04:00","level":"WARN","source":{"function":"github.com/charmbracelet/crush/internal/app.New","file":"/home/jfreeman/go/pkg/mod/github.com/charmbracelet/crush@v0.4.0/internal/app/app.go","line":97},"msg":"No agent configuration found"}
{"time":"2025-10-19T14:15:19.146403261-04:00","level":"INFO","source":{"function":"github.com/charmbracelet/crush/internal/config.loadProviders","file":"/home/jfreeman/go/pkg/mod/github.com/charmbracelet/crush@v0.4.0/internal/config/provider.go","line":99},"msg":"Using cached provider data","path":"/home/jfreeman/.local/share/crush/providers.json"}
{"time":"2025-10-19T14:15:19.147696434-04:00","level":"WARN","source":{"function":"github.com/charmbracelet/crush/internal/config.Load","file":"/home/jfreeman/go/pkg/mod/github.com/charmbracelet/crush@v0.4.0/internal/config/load.go","line":85},"msg":"No providers configured"}
{"time":"2025-10-19T14:15:19.147742431-04:00","level":"INFO","source":{"function":"github.com/charmbracelet/crush/internal/config.loadProviders.func1","file":"/home/jfreeman/go/pkg/mod/github.com/charmbracelet/crush@v0.4.0/internal/config/provider.go","line":103},"msg":"Updating provider cache in background"}
{"time":"2025-10-19T14:15:19.34176993-04:00","level":"INFO","source":{"function":"github.com/charmbracelet/crush/internal/config.saveProvidersInCache","file":"/home/jfreeman/go/pkg/mod/github.com/charmbracelet/crush@v0.4.0/internal/config/provider.go","line":48},"msg":"Saving cached provider data","path":"/home/jfreeman/.local/share/crush/providers.json"}
{"time":"2025-10-19T14:15:19.719745272-04:00","level":"INFO","msg":"goose: no migrations to run. current version: 20250627000000"}
{"time":"2025-10-19T14:15:19.719810575-04:00","level":"INFO","source":{"function":"github.com/charmbracelet/crush/internal/app.(*App).initLSPClients","file":"/home/jfreeman/go/pkg/mod/github.com/charmbracelet/crush@v0.4.0/internal/app/lsp.go","line":18},"msg":"LSP clients initialization started in background"}
{"time":"2025-10-19T14:15:19.719831274-04:00","level":"WARN","source":{"function":"github.com/charmbracelet/crush/internal/app.New","file":"/home/jfreeman/go/pkg/mod/github.com/charmbracelet/crush@v0.4.0/internal/app/app.go","line":97},"msg":"No agent configuration found"}
{"time":"2025-10-19T14:16:13.488445448-04:00","level":"INFO","source":{"function":"github.com/charmbracelet/crush/internal/config.loadProviders","file":"/home/jfreeman/go/pkg/mod/github.com/charmbracelet/crush@v0.4.0/internal/config/provider.go","line":99},"msg":"Using cached provider data","path":"/home/jfreeman/.local/share/crush/providers.json"}
{"time":"2025-10-19T14:16:13.48943483-04:00","level":"INFO","source":{"function":"github.com/charmbracelet/crush/internal/config.loadProviders.func1","file":"/home/jfreeman/go/pkg/mod/github.com/charmbracelet/crush@v0.4.0/internal/config/provider.go","line":103},"msg":"Updating provider cache in background"}
{"time":"2025-10-19T14:16:13.489447373-04:00","level":"WARN","source":{"function":"github.com/charmbracelet/crush/internal/config.Load","file":"/home/jfreeman/go/pkg/mod/github.com/charmbracelet/crush@v0.4.0/internal/config/load.go","line":85},"msg":"No providers configured"}
{"time":"2025-10-19T14:16:13.602059106-04:00","level":"INFO","source":{"function":"github.com/charmbracelet/crush/internal/config.saveProvidersInCache","file":"/home/jfreeman/go/pkg/mod/github.com/charmbracelet/crush@v0.4.0/internal/config/provider.go","line":48},"msg":"Saving cached provider data","path":"/home/jfreeman/.local/share/crush/providers.json"}
{"time":"2025-10-19T14:16:14.038888975-04:00","level":"INFO","msg":"goose: no migrations to run. current version: 20250627000000"}
{"time":"2025-10-19T14:16:14.038952113-04:00","level":"INFO","source":{"function":"github.com/charmbracelet/crush/internal/app.(*App).initLSPClients","file":"/home/jfreeman/go/pkg/mod/github.com/charmbracelet/crush@v0.4.0/internal/app/lsp.go","line":18},"msg":"LSP clients initialization started in background"}
{"time":"2025-10-19T14:16:14.038965599-04:00","level":"WARN","source":{"function":"github.com/charmbracelet/crush/internal/app.New","file":"/home/jfreeman/go/pkg/mod/github.com/charmbracelet/crush@v0.4.0/internal/app/app.go","line":97},"msg":"No agent configuration found"}
